[2025-12-15 13:32:58] [INFO] Starting pre-flight checks...
[2025-12-15 13:32:58] [SUCCESS] ✓ AWS CLI found
[2025-12-15 13:33:00] [SUCCESS] ✓ AWS credentials verified (Account: 615299752577)
[2025-12-15 13:33:05] [SUCCESS] ✓ Region selected: eu-west-1
[2025-12-15 13:33:05] [INFO] Starting EC2 instance creation process...
[2025-12-15 13:33:05] [INFO] DEBUG: About to call create_key_pair
[2025-12-15 13:33:05] [STEP] [1/4] Creating EC2 key pair: devops-keypair-1765805585
[2025-12-15 13:33:07] [SUCCESS] ✓ Key pair created and saved to devops-keypair-1765805585.pem
[2025-12-15 13:33:07] [INFO] DEBUG: create_key_pair completed successfully
[2025-12-15 13:33:07] [INFO] DEBUG: About to call get_default_vpc
[2025-12-15 13:33:07] [STEP] [2/4] Getting default VPC in eu-west-1
[2025-12-15 13:33:07] [SUCCESS] ✓ Using VPC: vpc-002a5035159fcdf81
[2025-12-15 13:33:07] [INFO] DEBUG: get_default_vpc returned: [2025-12-15 13:33:07] [STEP] [2/4] Getting default VPC in eu-west-1
[2025-12-15 13:33:07] [SUCCESS] ✓ Using VPC: vpc-002a5035159fcdf81
vpc-002a5035159fcdf81
[2025-12-15 13:33:07] [INFO] DEBUG: About to call get_security_group
[2025-12-15 13:33:07] [STEP] [2.5/4] Getting default security group for VPC
[2025-12-15 13:33:08] [ERROR] ✗ AWS CLI output: 
Error parsing parameter '--filters': Expected: ',', received: '[' for input:
 Name=vpc-id,Values=[2025-12-15 13:33:07] [STEP] [2/4] Getting default VPC in eu-west-1
                                         ^
[2025-12-15 13:33:07] [SUCCESS] ✓ Using VPC: vpc-002a5035159fcdf81
vpc-002a5035159fcdf81
[2025-12-15 13:33:08] [ERROR] ✗ Failed to describe security groups
[2025-12-15 13:33:08] [INFO] Check ec2_creation_20251215_133258.log for details
