[2026-01-05 09:30:59] [INFO] Logging initialized: ./logs/cleanup_20260105_093059.log
==========================================
AWS Resource Cleanup Script
==========================================
✓ AWS CLI is installed
[2026-01-05 09:30:59] [SUCCESS] AWS CLI is installed
[2026-01-05 09:31:01] [INFO] Selected region: eu-west-1
Selected region: eu-west-1
[2026-01-05 09:31:01] [INFO] Selected region: eu-west-1
[2026-01-05 09:31:01] [INFO] Will clean region: eu-west-1
[2026-01-05 09:31:01] [INFO] Verifying AWS credentials
{
    "UserId": "AROAY6QVZEKAQUXZ2DNTO:tY84XD3C7f__benjamin+yankey+amalitech+com",
    "Account": "615299752577",
    "Arn": "arn:aws:sts::615299752577:assumed-role/DCEPrincipal-dce/tY84XD3C7f__benjamin+yankey+amalitech+com"
}
✓ AWS credentials verified
[2026-01-05 09:31:02] [SUCCESS] AWS credentials verified
==========================================
WARNING: Resource Cleanup
==========================================
[2026-01-05 09:31:07] [INFO] User confirmed cleanup
Starting cleanup process...
[2026-01-05 09:31:07] [INFO] Starting cleanup process...
==========================================
Cleaning region: eu-west-1
==========================================
[1/3] Terminating EC2 instances...
[2026-01-05 09:31:07] [INFO] [1/3] Terminating EC2 instances...
[2026-01-05 09:31:07] [INFO] Checking for EC2 instances in eu-west-1
  No EC2 instances found in eu-west-1
[2026-01-05 09:31:08] [INFO]   No EC2 instances found in eu-west-1
[2/3] Deleting key pairs...
[2026-01-05 09:31:08] [INFO] [2/3] Deleting key pairs...
[2026-01-05 09:31:08] [INFO] Checking for key pairs in eu-west-1
  No key pairs found in eu-west-1
[2026-01-05 09:31:09] [INFO]   No key pairs found in eu-west-1
[3/3] Deleting security groups...
[2026-01-05 09:31:09] [INFO] [3/3] Deleting security groups...
[2026-01-05 09:31:09] [INFO] Checking for security groups in eu-west-1
✓   Deleted security group: sg-0fb8af514d1e91f1e
[2026-01-05 09:31:16] [SUCCESS]   Deleted security group: sg-0fb8af514d1e91f1e
==========================================
Cleaning S3 Buckets
==========================================
[4/4] Deleting S3 buckets...
[2026-01-05 09:31:16] [INFO] [4/4] Deleting S3 buckets...
[2026-01-05 09:31:16] [INFO] Checking for S3 buckets
  No S3 buckets found
[2026-01-05 09:31:17] [INFO]   No S3 buckets found
==========================================
Local Cleanup
==========================================
[5/5] Cleaning up local files...
[2026-01-05 09:31:17] [INFO] [5/5] Cleaning up local files...
[2026-01-05 09:31:17] [INFO] Cleaning up local files
  No local files to clean
[2026-01-05 09:31:17] [INFO]   No local files to clean
==========================================
Cleanup Complete!
==========================================
Summary of cleanup actions:
  ✓ EC2 instances terminated
  ✓ Key pairs deleted
  ✓ Security groups removed
  ✓ S3 buckets emptied and deleted
  ✓ Local files cleaned up

Region(s) cleaned: eu-west-1
Project tag: AutomationLab

Log file saved to: ./logs/cleanup_20260105_093059.log
==========================================
[2026-01-05 09:31:17] [SUCCESS] Cleanup completed successfully
