{
    "UserId": "AROAY6QVZEKAQUXZ2DNTO:tY84XD3C7f__benjamin+yankey+amalitech+com",
    "Account": "615299752577",
    "Arn": "arn:aws:sts::615299752577:assumed-role/DCEPrincipal-dce/tY84XD3C7f__benjamin+yankey+amalitech+com"
}
✓ AWS credentials verified
[2026-01-05 10:28:10] [SUCCESS] AWS credentials verified
[1/7] Creating EC2 key pair...
[2026-01-05 10:28:10] [INFO] [1/7] Creating EC2 key pair...
[2026-01-05 10:28:10] [INFO] Creating EC2 key pair: devops-keypair-1767608884
✓ Key pair created: devops-keypair-1767608884.pem
[2026-01-05 10:28:11] [SUCCESS] Key pair created: devops-keypair-1767608884.pem
[2/7] Getting default VPC...
[2026-01-05 10:28:11] [INFO] [2/7] Getting default VPC...
[2026-01-05 10:28:11] [INFO] Getting default VPC
✓ Using VPC: vpc-002a5035159fcdf81
[2026-01-05 10:28:12] [SUCCESS] Using VPC: vpc-002a5035159fcdf81
[3/7] Getting security group...
[2026-01-05 10:28:12] [INFO] [3/7] Getting security group...
[2026-01-05 10:28:12] [INFO] Getting default security group
✓ Using security group: sg-0434452b723596a1e
[2026-01-05 10:28:13] [SUCCESS] Using security group: sg-0434452b723596a1e
[4/7] Launching EC2 instance...
[2026-01-05 10:28:13] [INFO] [4/7] Launching EC2 instance...
[2026-01-05 10:28:13] [INFO] Launching EC2 instance (t3.micro)
✓ Instance launched: i-0951a7caf0474abd9
[2026-01-05 10:28:16] [SUCCESS] Instance launched: i-0951a7caf0474abd9
[5/7] Waiting for instance to be running...
[2026-01-05 10:28:16] [INFO] [5/7] Waiting for instance to be running...
[2026-01-05 10:28:16] [INFO] Waiting for instance to enter running state
⏳ This may take 30-60 seconds...
[2026-01-05 10:28:16] [INFO] ⏳ This may take 30-60 seconds...
✓ Instance is now running
[2026-01-05 10:28:32] [SUCCESS] Instance is now running
[6/7] Retrieving instance details...
[2026-01-05 10:28:32] [INFO] [6/7] Retrieving instance details...
[2026-01-05 10:28:32] [INFO] Retrieving instance details
✓ Retrieved instance details
[2026-01-05 10:28:34] [SUCCESS] Retrieved instance details
[7/7] Finalizing...
[2026-01-05 10:28:34] [INFO] [7/7] Finalizing...
==========================================
EC2 Instance Created Successfully!
==========================================
Instance ID:     i-0951a7caf0474abd9
Instance Type:   t3.micro
Region:          eu-west-1
AMI ID:          ami-0ebfed9ccce07b642
Public IP:       54.76.253.38
Private IP:      172.31.20.51
Key Pair:        devops-keypair-1767608884.pem
VPC ID:          vpc-002a5035159fcdf81
==========================================

To connect via SSH, use:
  ssh -i devops-keypair-1767608884.pem ec2-user@54.76.253.38

Log file saved to: ./logs/ec2_creation_20260105_102804.log
[2026-01-05 10:28:34] [SUCCESS] EC2 instance creation completed successfully
